2023-11-08T16:07:04.099Z - info: Building C:\repos\nus-cs2103\cs2103-website-base\admin\tp-pe as some of its dependencies were changed since the last visit
2023-11-08T16:07:06.174Z - info: Site data built
2023-11-08T16:07:06.175Z - info: Lazy website regeneration complete! Total build time: 2.076s
2023-11-08T16:58:37.449Z - info: [12:58:37 am] Reload for file change: C:\repos\nus-cs2103\cs2103-website-base\admin\tp-ped-fragment.md
2023-11-08T16:58:37.457Z - info: Synchronizing opened pages list before reload
2023-11-08T16:58:37.465Z - info: Current opened pages, from most-to-least recent:
2023-11-08T16:58:37.466Z - info: 1. admin/tp-pe
2023-11-08T16:58:38.548Z - info: Rebuilding 1 pages
2023-11-08T16:58:39.770Z - info: Site data built
2023-11-08T16:58:39.770Z - info: Pages rebuilt
2023-11-08T16:58:39.771Z - info: Website regeneration complete! Total build time: 1.257s
2023-11-08T16:58:55.187Z - info: [12:58:55 am] Reload for file change: C:\repos\nus-cs2103\cs2103-website-base\admin\tp-ped-fragment.md
2023-11-08T16:58:55.187Z - info: Synchronizing opened pages list before reload
2023-11-08T16:58:55.187Z - info: Current opened pages, from most-to-least recent:
2023-11-08T16:58:55.187Z - info: 1. admin/tp-pe
2023-11-08T16:58:56.203Z - info: Rebuilding 1 pages
2023-11-08T16:58:57.101Z - info: Site data built
2023-11-08T16:58:57.101Z - info: Pages rebuilt
2023-11-08T16:58:57.101Z - info: Website regeneration complete! Total build time: 0.9s
2023-11-08T16:59:13.585Z - info: [12:59:13 am] Reload for file change: C:\repos\nus-cs2103\cs2103-website-base\admin\tp-ped-fragment.md
2023-11-08T16:59:13.585Z - info: Synchronizing opened pages list before reload
2023-11-08T16:59:13.585Z - info: Current opened pages, from most-to-least recent:
2023-11-08T16:59:13.585Z - info: 1. admin/tp-pe
2023-11-08T16:59:14.598Z - info: Rebuilding 1 pages
2023-11-08T16:59:15.314Z - info: Site data built
2023-11-08T16:59:15.315Z - info: Pages rebuilt
2023-11-08T16:59:15.315Z - info: Website regeneration complete! Total build time: 0.718s
2023-11-08T17:02:49.176Z - info: [1:02:49 am] Reload for file change: C:\repos\nus-cs2103\cs2103-website-base\admin\tp-ped-fragment.md
2023-11-08T17:02:49.177Z - info: Synchronizing opened pages list before reload
2023-11-08T17:02:49.177Z - info: Current opened pages, from most-to-least recent:
2023-11-08T17:02:49.177Z - info: 1. admin/tp-pe
2023-11-08T17:02:50.191Z - info: Rebuilding 1 pages
2023-11-08T17:02:51.361Z - info: Site data built
2023-11-08T17:02:51.361Z - info: Pages rebuilt
2023-11-08T17:02:51.361Z - info: Website regeneration complete! Total build time: 1.171s
2023-11-08T17:03:43.227Z - info: [1:03:43 am] Reload for file change: C:\repos\nus-cs2103\cs2103-website-base\admin\tp-ped-fragment.md
2023-11-08T17:03:43.227Z - info: Synchronizing opened pages list before reload
2023-11-08T17:03:43.227Z - info: Current opened pages, from most-to-least recent:
2023-11-08T17:03:43.228Z - info: 1. admin/tp-pe
2023-11-08T17:03:44.242Z - info: Rebuilding 1 pages
2023-11-08T17:03:45.461Z - info: Site data built
2023-11-08T17:03:45.461Z - info: Pages rebuilt
2023-11-08T17:03:45.461Z - info: Website regeneration complete! Total build time: 1.22s
2023-11-08T17:07:30.244Z - info: [1:07:30 am] Reload for file change: C:\repos\nus-cs2103\cs2103-website-base\admin\tp-pe-fragment.md
2023-11-08T17:07:30.245Z - info: Synchronizing opened pages list before reload
2023-11-08T17:07:30.246Z - info: Current opened pages, from most-to-least recent:
2023-11-08T17:07:30.246Z - info: 1. admin/tp-pe
2023-11-08T17:07:31.264Z - info: Rebuilding 1 pages
2023-11-08T17:07:32.377Z - info: Site data built
2023-11-08T17:07:32.377Z - info: Pages rebuilt
2023-11-08T17:07:32.378Z - info: Website regeneration complete! Total build time: 1.115s
2023-11-08T17:28:56.102Z - info: [1:28:56 am] Reload for file change: C:\repos\nus-cs2103\cs2103-website-base\admin\tp-pe-fragment.md
2023-11-08T17:28:56.102Z - info: Synchronizing opened pages list before reload
2023-11-08T17:28:56.103Z - info: Current opened pages, from most-to-least recent:
2023-11-08T17:28:56.104Z - info: 1. admin/tp-pe
2023-11-08T17:28:57.113Z - info: Rebuilding 1 pages
2023-11-08T17:28:58.397Z - info: Site data built
2023-11-08T17:28:58.398Z - info: Pages rebuilt
2023-11-08T17:28:58.398Z - info: Website regeneration complete! Total build time: 1.286s
2023-11-08T17:29:14.147Z - info: Building C:\repos\nus-cs2103\cs2103-website-base\admin\exams as some of its dependencies were changed since the last visit
2023-11-08T17:29:14.370Z - info: Site data built
2023-11-08T17:29:14.370Z - info: Lazy website regeneration complete! Total build time: 0.223s
2023-11-08T17:37:48.905Z - info: [1:37:48 am] Reload for file change: C:\repos\nus-cs2103\cs2103-website-base\admin\exams-f2f.md
2023-11-08T17:37:48.905Z - info: Synchronizing opened pages list before reload
2023-11-08T17:37:48.906Z - info: Current opened pages, from most-to-least recent:
2023-11-08T17:37:48.906Z - info: 1. admin/exams
2023-11-08T17:37:49.913Z - info: No pages needed to be rebuilt
2023-11-08T17:38:09.538Z - info: [1:38:09 am] Reload for file change: C:\repos\nus-cs2103\cs2103-website-base\admin\exams.md
2023-11-08T17:38:09.538Z - info: Synchronizing opened pages list before reload
2023-11-08T17:38:09.540Z - info: Current opened pages, from most-to-least recent:
2023-11-08T17:38:09.540Z - info: 1. admin/exams
2023-11-08T17:38:10.553Z - info: Rebuilding 1 pages
2023-11-08T17:38:10.854Z - info: Site data built
2023-11-08T17:38:10.854Z - info: Pages rebuilt
2023-11-08T17:38:10.855Z - info: Website regeneration complete! Total build time: 0.302s
2023-11-08T17:38:37.075Z - info: [1:38:37 am] Reload for file change: C:\repos\nus-cs2103\cs2103-website-base\admin\exams.md
2023-11-08T17:38:37.075Z - info: Synchronizing opened pages list before reload
2023-11-08T17:38:37.075Z - info: Current opened pages, from most-to-least recent:
2023-11-08T17:38:37.075Z - info: 1. admin/exams
2023-11-08T17:38:38.082Z - info: Rebuilding 1 pages
2023-11-08T17:38:38.322Z - info: Site data built
2023-11-08T17:38:38.323Z - info: Pages rebuilt
2023-11-08T17:38:38.323Z - info: Website regeneration complete! Total build time: 0.243s
2023-11-08T17:41:25.684Z - info: [1:41:25 am] Reload for file change: C:\repos\nus-cs2103\cs2103-website-base\admin\exams.md
2023-11-08T17:41:25.684Z - info: Synchronizing opened pages list before reload
2023-11-08T17:41:25.684Z - info: Current opened pages, from most-to-least recent:
2023-11-08T17:41:25.685Z - info: 1. admin/exams
2023-11-08T17:41:26.686Z - info: Rebuilding 1 pages
2023-11-08T17:41:26.926Z - info: Site data built
2023-11-08T17:41:26.926Z - info: Pages rebuilt
2023-11-08T17:41:26.926Z - info: Website regeneration complete! Total build time: 0.241s
2023-11-08T17:46:41.501Z - info: Website generation (lazy) started at 1:46:41 am
2023-11-08T17:46:54.834Z - info: Building assets...
2023-11-08T17:47:04.524Z - info: Assets built
2023-11-08T17:47:04.525Z - info: Generating landing page...
2023-11-08T17:47:05.852Z - info: Landing page built, other pages will be built as you navigate to them!
2023-11-08T17:47:06.939Z - info: Site data built
2023-11-08T17:47:06.940Z - info: Website generation (lazy) complete! Total build time: 25.46s
2023-11-08T17:47:07.867Z - info: Serving "C:\repos\nus-cs2103\cs2103-website-base\_site" at http://127.0.0.1:8080
2023-11-08T17:47:07.867Z - info: Press CTRL+C to stop ...
2023-11-08T17:47:09.185Z - info: [1:47:09 am] Reload for file change: C:\repos\nus-cs2103\cs2103-website-base\_course-CS2103\weeklyTpTasks-fragment.md
2023-11-08T17:47:09.186Z - info: Synchronizing opened pages list before reload
2023-11-08T17:47:09.186Z - info: No pages are currently opened
2023-11-08T17:47:10.536Z - info: No pages needed to be rebuilt
2023-11-08T17:47:25.904Z - info: Building C:\repos\nus-cs2103\cs2103-website-base\schedule\week13\index as some of its dependencies were changed since the last visit
2023-11-08T17:47:30.354Z - info: Site data built
2023-11-08T17:47:30.354Z - info: Lazy website regeneration complete! Total build time: 4.45s
2023-11-08T17:49:18.836Z - info: [1:49:18 am] Reload for file change: C:\repos\nus-cs2103\cs2103-website-base\_course-CS2103\weeklyTpTasks-fragment.md
2023-11-08T17:49:18.838Z - info: Synchronizing opened pages list before reload
2023-11-08T17:49:18.839Z - info: Current opened pages, from most-to-least recent:
2023-11-08T17:49:18.840Z - info: 1. schedule/week13/index
2023-11-08T17:49:19.845Z - info: Rebuilding 1 pages
2023-11-08T17:49:21.153Z - info: Site data built
2023-11-08T17:49:21.153Z - info: Pages rebuilt
2023-11-08T17:49:21.153Z - info: Website regeneration complete! Total build time: 1.31s
2023-11-08T17:49:44.034Z - info: [1:49:44 am] Reload for file change: C:\repos\nus-cs2103\cs2103-website-base\_course-CS2103\weeklyTpTasks-fragment.md
2023-11-08T17:49:44.035Z - info: Synchronizing opened pages list before reload
2023-11-08T17:49:44.035Z - info: Current opened pages, from most-to-least recent:
2023-11-08T17:49:44.035Z - info: 1. schedule/week13/index
2023-11-08T17:49:45.050Z - info: Rebuilding 1 pages
2023-11-08T17:49:45.660Z - info: Site data built
2023-11-08T17:49:45.660Z - info: Pages rebuilt
2023-11-08T17:49:45.660Z - info: Website regeneration complete! Total build time: 0.611s
2023-11-08T17:51:43.241Z - info: [1:51:43 am] Reload for file change: C:\repos\nus-cs2103\cs2103-website-base\_course-CS2113\weeklyTpTasks-fragment.md
2023-11-08T17:51:43.242Z - info: Synchronizing opened pages list before reload
2023-11-08T17:51:43.244Z - info: Current opened pages, from most-to-least recent:
2023-11-08T17:51:43.244Z - info: 1. schedule/week13/index
2023-11-08T17:51:44.264Z - info: Assets built
2023-11-08T17:52:40.609Z - info: Website generation started at 1:52:37 am
2023-11-08T17:52:53.469Z - info: Building assets...
2023-11-08T17:53:01.536Z - info: Assets built
2023-11-08T17:53:01.537Z - info: Generating pages...
2023-11-08T17:53:23.279Z - debug:  
2023-11-08T17:53:23.519Z - debug:  
2023-11-08T17:53:23.549Z - debug:  
2023-11-08T17:53:27.216Z - debug:  
2023-11-08T17:53:27.216Z - debug:  
2023-11-08T17:53:27.217Z - debug:  
2023-11-08T17:53:27.217Z - debug:  
2023-11-08T17:53:27.217Z - debug:  
2023-11-08T17:53:27.217Z - debug:  
2023-11-08T17:53:27.217Z - debug:  
2023-11-08T17:53:27.218Z - debug:  
2023-11-08T17:53:27.218Z - debug:  
2023-11-08T17:53:27.218Z - debug:  
2023-11-08T17:53:27.218Z - debug:  
2023-11-08T17:53:27.218Z - debug:  
2023-11-08T17:53:27.219Z - debug:  
2023-11-08T17:55:51.688Z - debug:  
2023-11-08T17:56:09.876Z - debug:  
2023-11-08T17:56:09.886Z - debug:  
2023-11-08T17:56:24.118Z - info: Pages built
2023-11-08T17:56:25.331Z - info: Site data built
2023-11-08T17:56:25.331Z - info: Website generation complete! Total build time: 227.695s
2023-11-08T17:56:25.331Z - info: Build success!
2023-11-08T17:58:57.819Z - info: The website has been deployed at: https://nus-cs2103-ay2324s1.github.io/website
2023-11-09T05:38:05.084Z - info: Website generation (lazy) started at 1:37:59 pm
2023-11-09T05:38:17.817Z - info: Building assets...
2023-11-09T05:38:25.390Z - info: Assets built
2023-11-09T05:38:25.391Z - info: Generating landing page...
2023-11-09T05:38:27.070Z - info: Landing page built, other pages will be built as you navigate to them!
2023-11-09T05:38:28.125Z - info: Site data built
2023-11-09T05:38:28.125Z - info: Website generation (lazy) complete! Total build time: 28.882s
2023-11-09T05:38:29.076Z - info: Serving "C:\repos\nus-cs2103\cs2103-website-base\_site" at http://127.0.0.1:8080
2023-11-09T05:38:29.077Z - info: Press CTRL+C to stop ...
2023-11-09T05:41:21.170Z - info: Building C:\repos\nus-cs2103\cs2103-website-base\admin\index as some of its dependencies were changed since the last visit
2023-11-09T05:41:24.038Z - info: Site data built
2023-11-09T05:41:24.039Z - info: Lazy website regeneration complete! Total build time: 2.873s
2023-11-09T05:44:20.696Z - info: [1:44:20 pm] Reload for file change: C:\repos\nus-cs2103\cs2103-website-base\admin\exam-pen-and-paper.md
2023-11-09T05:44:20.697Z - info: Synchronizing opened pages list before reload
2023-11-09T05:44:20.697Z - info: Current opened pages, from most-to-least recent:
2023-11-09T05:44:20.697Z - info: 1. admin/index
2023-11-09T05:44:21.704Z - info: Rebuilding 1 pages
2023-11-09T05:44:23.542Z - info: Site data built
2023-11-09T05:44:23.543Z - info: Pages rebuilt
2023-11-09T05:44:23.543Z - info: Website regeneration complete! Total build time: 1.84s
2023-11-09T05:45:58.799Z - info: [1:45:58 pm] Reload for file change: C:\repos\nus-cs2103\cs2103-website-base\admin\exam-pen-and-paper.md
2023-11-09T05:45:58.801Z - info: Synchronizing opened pages list before reload
2023-11-09T05:45:58.802Z - info: Current opened pages, from most-to-least recent:
2023-11-09T05:45:58.802Z - info: 1. admin/index
2023-11-09T05:45:59.812Z - info: Rebuilding 1 pages
2023-11-09T05:46:01.564Z - info: Site data built
2023-11-09T05:46:01.565Z - info: Pages rebuilt
2023-11-09T05:46:01.565Z - info: Website regeneration complete! Total build time: 1.754s
2023-11-09T05:46:15.839Z - info: [1:46:15 pm] Reload for file change: C:\repos\nus-cs2103\cs2103-website-base\admin\exam-pen-and-paper.md
2023-11-09T05:46:15.840Z - info: Synchronizing opened pages list before reload
2023-11-09T05:46:15.840Z - info: Current opened pages, from most-to-least recent:
2023-11-09T05:46:15.840Z - info: 1. admin/index
2023-11-09T05:46:16.857Z - info: Rebuilding 1 pages
2023-11-09T05:46:18.243Z - info: Site data built
2023-11-09T05:46:18.243Z - info: Pages rebuilt
2023-11-09T05:46:18.244Z - info: Website regeneration complete! Total build time: 1.387s
2023-11-09T05:47:17.822Z - info: [1:47:17 pm] Reload for file change: C:\repos\nus-cs2103\cs2103-website-base\admin\exam-pen-and-paper.md
2023-11-09T05:47:17.822Z - info: Synchronizing opened pages list before reload
2023-11-09T05:47:17.823Z - info: Current opened pages, from most-to-least recent:
2023-11-09T05:47:17.823Z - info: 1. admin/index
2023-11-09T05:47:18.833Z - info: Rebuilding 1 pages
2023-11-09T05:47:20.554Z - info: Site data built
2023-11-09T05:47:20.554Z - info: Pages rebuilt
2023-11-09T05:47:20.554Z - info: Website regeneration complete! Total build time: 1.724s
2023-11-09T05:51:11.391Z - info: [1:51:11 pm] Reload for file change: C:\repos\nus-cs2103\cs2103-website-base\admin\exam-pen-and-paper.md
2023-11-09T05:51:11.391Z - info: Synchronizing opened pages list before reload
2023-11-09T05:51:11.391Z - info: Current opened pages, from most-to-least recent:
2023-11-09T05:51:11.392Z - info: 1. admin/index
2023-11-09T05:51:12.404Z - info: Rebuilding 1 pages
2023-11-09T05:51:14.221Z - info: Site data built
2023-11-09T05:51:14.222Z - info: Pages rebuilt
2023-11-09T05:51:14.222Z - info: Website regeneration complete! Total build time: 1.819s
2023-11-09T05:51:51.795Z - info: [1:51:51 pm] Reload for file change: C:\repos\nus-cs2103\cs2103-website-base\admin\exam-pen-and-paper.md
2023-11-09T05:51:51.796Z - info: Synchronizing opened pages list before reload
2023-11-09T05:51:51.796Z - info: Current opened pages, from most-to-least recent:
2023-11-09T05:51:51.796Z - info: 1. admin/index
2023-11-09T05:51:52.805Z - info: Rebuilding 1 pages
2023-11-09T05:51:54.527Z - info: Site data built
2023-11-09T05:51:54.527Z - info: Pages rebuilt
2023-11-09T05:51:54.527Z - info: Website regeneration complete! Total build time: 1.724s
2023-11-09T05:53:54.039Z - info: Website generation (lazy) started at 1:53:52 pm
2023-11-09T05:54:07.277Z - info: Building assets...
2023-11-09T05:54:15.021Z - info: Assets built
2023-11-09T05:54:15.022Z - info: Generating landing page...
2023-11-09T05:54:15.961Z - info: Landing page built, other pages will be built as you navigate to them!
2023-11-09T05:54:16.926Z - info: Site data built
2023-11-09T05:54:16.926Z - info: Website generation (lazy) complete! Total build time: 24.899s
2023-11-09T05:54:17.865Z - info: Serving "C:\repos\nus-cs2103\cs2103-website-base\_site" at http://127.0.0.1:8080
2023-11-09T05:54:17.866Z - info: Press CTRL+C to stop ...
2023-11-09T05:54:18.962Z - info: [1:54:18 pm] Reload for file change: C:\repos\nus-cs2103\cs2103-website-base\admin\exam-pen-and-paper.md
2023-11-09T05:54:18.962Z - info: Synchronizing opened pages list before reload
2023-11-09T05:54:18.963Z - info: No pages are currently opened
2023-11-09T05:54:19.990Z - info: Assets built
2023-11-09T05:54:42.830Z - info: [1:54:42 pm] Reload for file change: C:\repos\nus-cs2103\cs2103-website-base\admin\exam-pen-and-paper.md
2023-11-09T05:54:42.831Z - info: Synchronizing opened pages list before reload
2023-11-09T05:54:42.831Z - info: Current opened pages, from most-to-least recent:
2023-11-09T05:54:42.831Z - info: 1. index
2023-11-09T05:54:43.843Z - info: Assets built
2023-11-09T05:54:45.184Z - info: Building C:\repos\nus-cs2103\cs2103-website-base\admin\index as some of its dependencies were changed since the last visit
2023-11-09T05:54:47.451Z - info: Site data built
2023-11-09T05:54:47.451Z - info: Lazy website regeneration complete! Total build time: 2.267s
2023-11-09T05:55:35.416Z - info: [1:55:35 pm] Reload for file change: C:\repos\nus-cs2103\cs2103-website-base\admin\exam-pen-and-paper.md
2023-11-09T05:55:35.417Z - info: Synchronizing opened pages list before reload
2023-11-09T05:55:35.417Z - info: Current opened pages, from most-to-least recent:
2023-11-09T05:55:35.417Z - info: 1. admin/index
2023-11-09T05:55:36.427Z - info: Rebuilding 1 pages
2023-11-09T05:55:38.182Z - info: Site data built
2023-11-09T05:55:38.183Z - info: Pages rebuilt
2023-11-09T05:55:38.183Z - info: Website regeneration complete! Total build time: 1.757s
2023-11-09T05:56:17.719Z - info: [1:56:17 pm] Reload for file change: C:\repos\nus-cs2103\cs2103-website-base\admin\exam-pen-and-paper.md
2023-11-09T05:56:17.720Z - info: Synchronizing opened pages list before reload
2023-11-09T05:56:17.720Z - info: Current opened pages, from most-to-least recent:
2023-11-09T05:56:17.721Z - info: 1. admin/index
2023-11-09T05:56:18.725Z - info: Rebuilding 1 pages
2023-11-09T05:56:20.464Z - info: Site data built
2023-11-09T05:56:20.464Z - info: Pages rebuilt
2023-11-09T05:56:20.464Z - info: Website regeneration complete! Total build time: 1.74s
2023-11-09T05:57:20.285Z - info: [1:57:20 pm] Reload for file change: C:\repos\nus-cs2103\cs2103-website-base\admin\exam-pen-and-paper.md
2023-11-09T05:57:20.285Z - info: Synchronizing opened pages list before reload
2023-11-09T05:57:20.286Z - info: Current opened pages, from most-to-least recent:
2023-11-09T05:57:20.286Z - info: 1. admin/index
2023-11-09T05:57:21.292Z - info: Rebuilding 1 pages
2023-11-09T05:57:23.191Z - info: Site data built
2023-11-09T05:57:23.191Z - info: Pages rebuilt
2023-11-09T05:57:23.191Z - info: Website regeneration complete! Total build time: 1.9s
2023-11-09T05:59:34.496Z - info: [1:59:34 pm] Reload for file change: C:\repos\nus-cs2103\cs2103-website-base\admin\exam-pen-and-paper.md
2023-11-09T05:59:34.497Z - info: Synchronizing opened pages list before reload
2023-11-09T05:59:34.498Z - info: Current opened pages, from most-to-least recent:
2023-11-09T05:59:34.498Z - info: 1. admin/index
2023-11-09T05:59:35.511Z - info: Rebuilding 1 pages
2023-11-09T05:59:37.244Z - info: Site data built
2023-11-09T05:59:37.244Z - info: Pages rebuilt
2023-11-09T05:59:37.244Z - info: Website regeneration complete! Total build time: 1.734s
2023-11-09T06:00:04.072Z - info: [2:00:04 pm] Reload for file change: C:\repos\nus-cs2103\cs2103-website-base\admin\exam-pen-and-paper.md
2023-11-09T06:00:04.073Z - info: Synchronizing opened pages list before reload
2023-11-09T06:00:04.073Z - info: Current opened pages, from most-to-least recent:
2023-11-09T06:00:04.074Z - info: 1. admin/index
2023-11-09T06:00:05.087Z - info: Rebuilding 1 pages
2023-11-09T06:00:06.811Z - info: Site data built
2023-11-09T06:00:06.811Z - info: Pages rebuilt
2023-11-09T06:00:06.812Z - info: Website regeneration complete! Total build time: 1.726s
2023-11-09T06:00:56.216Z - info: [2:00:56 pm] Reload for file change: C:\repos\nus-cs2103\cs2103-website-base\admin\exam-pen-and-paper.md
2023-11-09T06:00:56.216Z - info: Synchronizing opened pages list before reload
2023-11-09T06:00:56.217Z - info: Current opened pages, from most-to-least recent:
2023-11-09T06:00:56.217Z - info: 1. admin/index
2023-11-09T06:00:57.233Z - info: Rebuilding 1 pages
2023-11-09T06:00:58.971Z - info: Site data built
2023-11-09T06:00:58.971Z - info: Pages rebuilt
2023-11-09T06:00:58.971Z - info: Website regeneration complete! Total build time: 1.741s
2023-11-09T06:01:22.649Z - info: [2:01:22 pm] Reload for file change: C:\repos\nus-cs2103\cs2103-website-base\admin\exam-pen-and-paper.md
2023-11-09T06:01:22.649Z - info: Synchronizing opened pages list before reload
2023-11-09T06:01:22.649Z - info: Current opened pages, from most-to-least recent:
2023-11-09T06:01:22.650Z - info: 1. admin/index
2023-11-09T06:01:23.673Z - info: Rebuilding 1 pages
2023-11-09T06:01:25.444Z - info: Site data built
2023-11-09T06:01:25.444Z - info: Pages rebuilt
2023-11-09T06:01:25.444Z - info: Website regeneration complete! Total build time: 1.773s
2023-11-09T06:02:00.499Z - info: [2:02:00 pm] Reload for file change: C:\repos\nus-cs2103\cs2103-website-base\admin\exam-pen-and-paper.md
2023-11-09T06:02:00.500Z - info: Synchronizing opened pages list before reload
2023-11-09T06:02:00.500Z - info: Current opened pages, from most-to-least recent:
2023-11-09T06:02:00.500Z - info: 1. admin/index
2023-11-09T06:02:01.514Z - info: Rebuilding 1 pages
2023-11-09T06:02:03.239Z - info: Site data built
2023-11-09T06:02:03.239Z - info: Pages rebuilt
2023-11-09T06:02:03.239Z - info: Website regeneration complete! Total build time: 1.727s
2023-11-09T06:04:44.917Z - info: [2:04:44 pm] Reload for file change: C:\repos\nus-cs2103\cs2103-website-base\admin\exam-pen-and-paper.md
2023-11-09T06:04:44.918Z - info: Synchronizing opened pages list before reload
2023-11-09T06:04:44.918Z - info: Current opened pages, from most-to-least recent:
2023-11-09T06:04:44.918Z - info: 1. admin/index
2023-11-09T06:04:45.924Z - info: Rebuilding 1 pages
2023-11-09T06:04:47.705Z - info: Site data built
2023-11-09T06:04:47.706Z - info: Pages rebuilt
2023-11-09T06:04:47.706Z - info: Website regeneration complete! Total build time: 1.783s
2023-11-09T06:05:24.310Z - info: [2:05:24 pm] Reload for file change: C:\repos\nus-cs2103\cs2103-website-base\admin\exam-pen-and-paper.md
2023-11-09T06:05:24.311Z - info: Synchronizing opened pages list before reload
2023-11-09T06:05:24.312Z - info: Current opened pages, from most-to-least recent:
2023-11-09T06:05:24.313Z - info: 1. admin/index
2023-11-09T06:05:25.320Z - info: Rebuilding 1 pages
2023-11-09T06:05:27.011Z - info: Site data built
2023-11-09T06:05:27.011Z - info: Pages rebuilt
2023-11-09T06:05:27.011Z - info: Website regeneration complete! Total build time: 1.692s
2023-11-09T06:06:01.293Z - info: [2:06:01 pm] Reload for file change: C:\repos\nus-cs2103\cs2103-website-base\admin\exam-pen-and-paper.md
2023-11-09T06:06:01.293Z - info: Synchronizing opened pages list before reload
2023-11-09T06:06:01.294Z - info: Current opened pages, from most-to-least recent:
2023-11-09T06:06:01.294Z - info: 1. admin/index
2023-11-09T06:06:02.308Z - info: Rebuilding 1 pages
2023-11-09T06:06:04.026Z - info: Site data built
2023-11-09T06:06:04.026Z - info: Pages rebuilt
2023-11-09T06:06:04.026Z - info: Website regeneration complete! Total build time: 1.721s
2023-11-09T06:07:00.205Z - info: [2:07:00 pm] Reload for file change: C:\repos\nus-cs2103\cs2103-website-base\admin\exam-pen-and-paper.md
2023-11-09T06:07:00.205Z - info: Synchronizing opened pages list before reload
2023-11-09T06:07:00.206Z - info: Current opened pages, from most-to-least recent:
2023-11-09T06:07:00.206Z - info: 1. admin/index
2023-11-09T06:07:01.218Z - info: Rebuilding 1 pages
2023-11-09T06:07:02.941Z - info: Site data built
2023-11-09T06:07:02.942Z - info: Pages rebuilt
2023-11-09T06:07:02.942Z - info: Website regeneration complete! Total build time: 1.725s
2023-11-09T06:08:20.078Z - info: [2:08:20 pm] Reload for file change: C:\repos\nus-cs2103\cs2103-website-base\admin\exam-pen-and-paper.md
2023-11-09T06:08:20.078Z - info: Synchronizing opened pages list before reload
2023-11-09T06:08:20.079Z - info: Current opened pages, from most-to-least recent:
2023-11-09T06:08:20.079Z - info: 1. admin/index
2023-11-09T06:08:21.099Z - info: Rebuilding 1 pages
2023-11-09T06:08:22.854Z - info: Site data built
2023-11-09T06:08:22.854Z - info: Pages rebuilt
2023-11-09T06:08:22.855Z - info: Website regeneration complete! Total build time: 1.758s
2023-11-09T06:09:16.858Z - info: Website generation started at 2:09:14 pm
2023-11-09T06:09:27.592Z - info: Building assets...
