2023-08-29T06:25:21.931Z - info: Website generation started at 2:25:16 pm
2023-08-29T06:25:33.473Z - info: Building assets...
2023-08-29T06:25:41.720Z - info: Assets built
2023-08-29T06:25:41.720Z - info: Generating pages...
2023-08-29T06:26:00.625Z - debug:  
2023-08-29T06:26:00.690Z - debug:  
2023-08-29T06:26:00.699Z - debug:  
2023-08-29T06:26:00.736Z - debug:  
2023-08-29T06:26:00.794Z - debug:  
2023-08-29T06:26:00.795Z - debug:  
2023-08-29T06:26:04.046Z - debug:  
2023-08-29T06:26:04.046Z - debug:  
2023-08-29T06:26:04.046Z - debug:  
2023-08-29T06:26:04.046Z - debug:  
2023-08-29T06:26:04.047Z - debug:  
2023-08-29T06:26:04.047Z - debug:  
2023-08-29T06:26:04.047Z - debug:  
2023-08-29T06:26:04.047Z - debug:  
2023-08-29T06:26:04.048Z - debug:  
2023-08-29T06:26:04.048Z - debug:  
2023-08-29T06:28:08.496Z - debug:  
2023-08-29T06:28:22.142Z - debug:  
2023-08-29T06:28:22.163Z - debug:  
2023-08-29T06:28:30.630Z - info: Pages built
2023-08-29T06:28:31.620Z - info: Site data built
2023-08-29T06:28:31.620Z - info: Website generation complete! Total build time: 194.973s
2023-08-29T06:28:31.620Z - info: Build success!
2023-08-29T06:30:58.634Z - info: The website has been deployed at: https://nus-cs2103-ay2324s1.github.io/website
2023-08-29T12:48:20.619Z - info: Website generation started at 8:48:15 pm
2023-08-29T12:48:31.189Z - info: Building assets...
