2023-07-22T10:25:02.450Z - info: Website generation (lazy) started at 6:24:57 pm
2023-07-22T10:25:14.106Z - info: Building assets...
2023-07-22T10:25:22.063Z - info: Assets built
2023-07-22T10:25:22.064Z - info: Generating landing page...
2023-07-22T10:25:24.901Z - info: Landing page built, other pages will be built as you navigate to them!
2023-07-22T10:25:26.305Z - info: Site data built
2023-07-22T10:25:26.305Z - info: Website generation (lazy) complete! Total build time: 29.239s
2023-07-22T10:25:27.216Z - info: Serving "C:\repos\nus-cs2103\cs2103-website-base\_site" at http://127.0.0.1:8080
2023-07-22T10:25:27.216Z - info: Press CTRL+C to stop ...
2023-07-22T10:29:22.680Z - info: Building C:\repos\nus-cs2103\cs2103-website-base\schedule\timeline as some of its dependencies were changed since the last visit
2023-07-22T10:29:29.087Z - info: Site data built
2023-07-22T10:29:29.087Z - info: Lazy website regeneration complete! Total build time: 6.413s
2023-07-22T10:31:31.576Z - info: [6:31:31 pm] Reload for file change: C:\repos\nus-cs2103\cs2103-website-base\schedule\timeline.md
2023-07-22T10:31:31.577Z - info: Synchronizing opened pages list before reload
2023-07-22T10:31:31.577Z - info: Current opened pages, from most-to-least recent:
2023-07-22T10:31:31.577Z - info: 1. schedule/timeline
2023-07-22T10:31:32.593Z - info: Rebuilding 1 pages
2023-07-22T10:31:35.361Z - info: Site data built
2023-07-22T10:31:35.362Z - info: Pages rebuilt
2023-07-22T10:31:35.362Z - info: Website regeneration complete! Total build time: 2.77s
2023-07-22T10:31:49.831Z - info: Building C:\repos\nus-cs2103\cs2103-website-base\schedule\week1\index as some of its dependencies were changed since the last visit
2023-07-22T10:31:50.368Z - info: Site data built
2023-07-22T10:31:50.368Z - info: Lazy website regeneration complete! Total build time: 0.538s
2023-07-22T10:32:09.715Z - info: Building C:\repos\nus-cs2103\cs2103-website-base\schedule\week1\topics as some of its dependencies were changed since the last visit
2023-07-22T10:32:12.457Z - info: Site data built
2023-07-22T10:32:12.457Z - info: Lazy website regeneration complete! Total build time: 2.743s
2023-07-22T10:35:51.020Z - info: [6:35:51 pm] Reload for file change: C:\repos\nus-cs2103\cs2103-website-base\book\cppToJava\controlFlow\branching\resources.md
2023-07-22T10:35:51.021Z - info: Synchronizing opened pages list before reload
2023-07-22T10:35:51.021Z - info: Current opened pages, from most-to-least recent:
2023-07-22T10:35:51.022Z - info: 1. schedule/week1/topics
2023-07-22T10:35:52.037Z - info: Rebuilding 1 pages
2023-07-22T10:35:53.686Z - info: [6:35:53 pm] Reload for file change: C:\repos\nus-cs2103\cs2103-website-base\book\cppToJava\controlFlow\loops\resources.md
2023-07-22T10:35:53.687Z - info: Synchronizing opened pages list before reload
2023-07-22T10:35:53.687Z - info: Current opened pages, from most-to-least recent:
2023-07-22T10:35:53.688Z - info: 1. schedule/week1/topics
2023-07-22T10:35:53.835Z - info: Site data built
2023-07-22T10:35:53.835Z - info: Pages rebuilt
2023-07-22T10:35:53.835Z - info: Website regeneration complete! Total build time: 1.799s
2023-07-22T10:35:54.701Z - info: Rebuilding 1 pages
2023-07-22T10:35:55.751Z - info: Site data built
2023-07-22T10:35:55.752Z - info: Pages rebuilt
2023-07-22T10:35:55.752Z - info: Website regeneration complete! Total build time: 1.052s
2023-07-22T10:37:08.683Z - info: Building C:\repos\nus-cs2103\cs2103-website-base\se-book-adapted\index as some of its dependencies were changed since the last visit
2023-07-22T10:37:09.022Z - info: Site data built
2023-07-22T10:37:09.023Z - info: Lazy website regeneration complete! Total build time: 0.339s
2023-07-22T10:37:13.502Z - info: Building C:\repos\nus-cs2103\cs2103-website-base\se-book-adapted\print as some of its dependencies were changed since the last visit
2023-07-22T10:37:30.207Z - debug:  
2023-07-22T10:37:30.208Z - debug:  
2023-07-22T10:37:30.223Z - debug:  
2023-07-22T10:37:31.110Z - debug:  
2023-07-22T10:37:31.114Z - debug:  
2023-07-22T10:37:31.114Z - debug:  
2023-07-22T10:37:31.236Z - info: Site data built
2023-07-22T10:37:31.237Z - info: Lazy website regeneration complete! Total build time: 17.736s
2023-07-22T10:37:31.474Z - debug:  
2023-07-22T10:37:31.781Z - debug:  
2023-07-22T10:37:31.914Z - debug:  
2023-07-22T10:37:31.942Z - debug:  
2023-07-22T10:37:31.989Z - debug:  
2023-07-22T10:37:32.023Z - debug:  
2023-07-22T10:37:32.109Z - debug:  
2023-07-22T10:37:32.536Z - debug:  
2023-07-22T10:49:56.720Z - info: Website generation started at 6:49:54 pm
2023-07-22T10:50:09.676Z - info: Building assets...
2023-07-22T10:50:18.010Z - info: Assets built
2023-07-22T10:50:18.011Z - info: Generating pages...
2023-07-22T10:50:42.237Z - debug:  
2023-07-22T10:50:42.238Z - debug:  
2023-07-22T10:50:42.238Z - debug:  
2023-07-22T10:50:42.238Z - debug:  
2023-07-22T10:50:42.239Z - debug:  
2023-07-22T10:50:42.239Z - debug:  
2023-07-22T10:50:42.239Z - debug:  
2023-07-22T10:50:42.239Z - debug:  
2023-07-22T10:50:42.240Z - debug:  
2023-07-22T10:50:42.240Z - debug:  
2023-07-22T10:50:42.240Z - debug:  
2023-07-22T10:50:42.240Z - debug:  
2023-07-22T10:50:42.241Z - debug:  
2023-07-22T10:50:42.241Z - debug:  
2023-07-22T10:50:46.364Z - debug:  
2023-07-22T10:51:19.621Z - debug:  
2023-07-22T10:52:14.872Z - info: Pages built
2023-07-22T10:52:15.795Z - info: Site data built
2023-07-22T10:52:15.795Z - info: Website generation complete! Total build time: 141.222s
2023-07-22T10:52:15.795Z - info: Build success!
2023-07-22T10:54:13.427Z - info: The website has been deployed at: https://nus-tic2002-ay2324s1.github.io/website
2023-07-22T11:04:51.059Z - info: Website generation started at 7:04:46 pm
2023-07-22T11:05:01.619Z - info: Building assets...
2023-07-22T11:05:09.282Z - info: Assets built
2023-07-22T11:05:09.283Z - info: Generating pages...
2023-07-22T11:05:38.030Z - debug:  
2023-07-22T11:05:38.030Z - debug:  
2023-07-22T11:05:38.031Z - debug:  
2023-07-22T11:05:38.031Z - debug:  
2023-07-22T11:05:38.032Z - debug:  
2023-07-22T11:05:38.032Z - debug:  
2023-07-22T11:05:38.032Z - debug:  
2023-07-22T11:05:38.033Z - debug:  
2023-07-22T11:05:38.033Z - debug:  
2023-07-22T11:05:38.033Z - debug:  
2023-07-22T11:05:38.033Z - debug:  
2023-07-22T11:05:38.033Z - debug:  
2023-07-22T11:05:38.033Z - debug:  
2023-07-22T11:05:38.034Z - debug:  
2023-07-22T11:05:43.435Z - debug:  
2023-07-22T11:06:22.033Z - debug:  
2023-07-22T11:07:27.332Z - info: Pages built
2023-07-22T11:07:28.396Z - info: Site data built
2023-07-22T11:07:28.396Z - info: Website generation complete! Total build time: 162.274s
2023-07-22T11:07:28.397Z - info: Build success!
2023-07-22T11:09:33.957Z - info: The website has been deployed at: https://nus-tic2002-ay2324s1.github.io/website
